Arguments: 
  /Users/vkrms/.nvm/versions/node/v11.0.0/bin/node /usr/local/Cellar/yarn/1.12.3/libexec/bin/yarn.js install

PATH: 
  /Users/vkrms/.nvm/versions/node/v11.0.0/bin:/usr/local/bin:/usr/bin:/bin:/usr/sbin:/sbin:~/.composer/vendor/bin

Yarn version: 
  1.12.3

Node version: 
  11.0.0

Platform: 
  darwin x64

Trace: 
  Error: getaddrinfo ENOTFOUND registry.yarnpkg.com registry.yarnpkg.com:443
      at GetAddrInfoReqWrap.onlookup [as oncomplete] (dns.js:58:26)

npm manifest: 
  {
   "name": "utmc",
   "version": "1.0.0",
   "main": "index.js",
   "license": "MIT",
   "scripts": {
    "start": "gulp",
    "build": "gulp build",
    "watch": "gulp watch"
   },
   "devDependencies": {
    "@babel/cli": "^7.4.4",
    "@babel/core": "^7.5.4",
    "@babel/polyfill": "^7.4.4",
    "@babel/preset-env": "^7.4.5",
    "@babel/register": "^7.4.4",
    "autoprefixer": "^9.6.0",
    "babel-eslint": "^10.0.2",
    "babel-preset-env": "^1.1.10",
    "babel-preset-stage-0": "^6.22.0",
    "babel-preset-vue": "^2.0.2",
    "eslint": "^6.0.1",
    "eslint-config-airbnb": "^17.1.0",
    "eslint-plugin-import": "^2.18.0",
    "gulp": "^4.0.2",
    "gulp-better-rollup": "^4.0.1",
    "gulp-concat": "^2.6.1",
    "gulp-postcss": "^8.0.0",
    "gulp-sourcemaps": "^2.6.5",
    "gulp-uglify": "^3.0.2",
    "rollup": "^1.16.7",
    "rollup-plugin-babel": "^4.3.3",
    "rollup-plugin-commonjs": "^10.0.1",
    "rollup-plugin-json": "^4.0.0",
    "rollup-plugin-node-resolve": "^5.2.0",
    "stylelint-order": "^3.0.1",
    "stylelint-selector-bem-pattern": "^2.1.0"
   },
   "dependencies": {
    "axios": "^0.19.0",
    "vue-toasted": "^1.1.27"
   }
  }

yarn manifest: 
  No manifest

Lockfile: 
  No lockfile
